Start testing: Apr 11 20:41 UTC
----------------------------------------------------------
1/52 Testing: row_mean returns correct mean for ramp data
1/52 Test: row_mean returns correct mean for ramp data
Command: "/home/runner/work/xbioclim/xbioclim/build_offload/tests/test_xbioclim" "row_mean returns correct mean for ramp data"
Directory: /home/runner/work/xbioclim/xbioclim/build_offload/tests
"row_mean returns correct mean for ramp data" start time: Apr 11 20:41 UTC
Output:
----------------------------------------------------------
Filters: "row_mean returns correct mean for ramp data"
Randomness seeded to: 3536971923
===============================================================================
All tests passed (4 assertions in 1 test case)

<end of output>
Test time =   0.02 sec
----------------------------------------------------------
Test Passed.
"row_mean returns correct mean for ramp data" end time: Apr 11 20:41 UTC
"row_mean returns correct mean for ramp data" time elapsed: 00:00:00
----------------------------------------------------------

2/52 Testing: row_sum returns correct sum for ramp data
2/52 Test: row_sum returns correct sum for ramp data
Command: "/home/runner/work/xbioclim/xbioclim/build_offload/tests/test_xbioclim" "row_sum returns correct sum for ramp data"
Directory: /home/runner/work/xbioclim/xbioclim/build_offload/tests
"row_sum returns correct sum for ramp data" start time: Apr 11 20:41 UTC
Output:
----------------------------------------------------------
Filters: "row_sum returns correct sum for ramp data"
Randomness seeded to: 2879582147
===============================================================================
All tests passed (3 assertions in 1 test case)

<end of output>
Test time =   0.02 sec
----------------------------------------------------------
Test Passed.
"row_sum returns correct sum for ramp data" end time: Apr 11 20:41 UTC
"row_sum returns correct sum for ramp data" time elapsed: 00:00:00
----------------------------------------------------------

3/52 Testing: row_max returns correct maximum
3/52 Test: row_max returns correct maximum
Command: "/home/runner/work/xbioclim/xbioclim/build_offload/tests/test_xbioclim" "row_max returns correct maximum"
Directory: /home/runner/work/xbioclim/xbioclim/build_offload/tests
"row_max returns correct maximum" start time: Apr 11 20:41 UTC
Output:
----------------------------------------------------------
Filters: "row_max returns correct maximum"
Randomness seeded to: 3756723249
===============================================================================
All tests passed (3 assertions in 1 test case)

<end of output>
Test time =   0.02 sec
----------------------------------------------------------
Test Passed.
"row_max returns correct maximum" end time: Apr 11 20:41 UTC
"row_max returns correct maximum" time elapsed: 00:00:00
----------------------------------------------------------

4/52 Testing: row_min returns correct minimum
4/52 Test: row_min returns correct minimum
Command: "/home/runner/work/xbioclim/xbioclim/build_offload/tests/test_xbioclim" "row_min returns correct minimum"
Directory: /home/runner/work/xbioclim/xbioclim/build_offload/tests
"row_min returns correct minimum" start time: Apr 11 20:41 UTC
Output:
----------------------------------------------------------
Filters: "row_min returns correct minimum"
Randomness seeded to: 2666131130
===============================================================================
All tests passed (3 assertions in 1 test case)

<end of output>
Test time =   0.02 sec
----------------------------------------------------------
Test Passed.
"row_min returns correct minimum" end time: Apr 11 20:41 UTC
"row_min returns correct minimum" time elapsed: 00:00:00
----------------------------------------------------------

5/52 Testing: row_std returns population SD for ramp data
5/52 Test: row_std returns population SD for ramp data
Command: "/home/runner/work/xbioclim/xbioclim/build_offload/tests/test_xbioclim" "row_std returns population SD for ramp data"
Directory: /home/runner/work/xbioclim/xbioclim/build_offload/tests
"row_std returns population SD for ramp data" start time: Apr 11 20:41 UTC
Output:
----------------------------------------------------------
Filters: "row_std returns population SD for ramp data"
Randomness seeded to: 2865481086
===============================================================================
All tests passed (1 assertion in 1 test case)

<end of output>
Test time =   0.02 sec
----------------------------------------------------------
Test Passed.
"row_std returns population SD for ramp data" end time: Apr 11 20:41 UTC
"row_std returns population SD for ramp data" time elapsed: 00:00:00
----------------------------------------------------------

6/52 Testing: elementwise_diff produces A-B
6/52 Test: elementwise_diff produces A-B
Command: "/home/runner/work/xbioclim/xbioclim/build_offload/tests/test_xbioclim" "elementwise_diff produces A-B"
Directory: /home/runner/work/xbioclim/xbioclim/build_offload/tests
"elementwise_diff produces A-B" start time: Apr 11 20:41 UTC
Output:
----------------------------------------------------------
Filters: "elementwise_diff produces A-B"
Randomness seeded to: 3890254264
===============================================================================
All tests passed (12 assertions in 1 test case)

<end of output>
Test time =   0.02 sec
----------------------------------------------------------
Test Passed.
"elementwise_diff produces A-B" end time: Apr 11 20:41 UTC
"elementwise_diff produces A-B" time elapsed: 00:00:00
----------------------------------------------------------

7/52 Testing: rolling_quarter_argmax returns correct index for ramp pr
7/52 Test: rolling_quarter_argmax returns correct index for ramp pr
Command: "/home/runner/work/xbioclim/xbioclim/build_offload/tests/test_xbioclim" "rolling_quarter_argmax returns correct index for ramp pr"
Directory: /home/runner/work/xbioclim/xbioclim/build_offload/tests
"rolling_quarter_argmax returns correct index for ramp pr" start time: Apr 11 20:41 UTC
Output:
----------------------------------------------------------
Filters: "rolling_quarter_argmax returns correct index for ramp pr"
Randomness seeded to: 1553600071
===============================================================================
All tests passed (1 assertion in 1 test case)

<end of output>
Test time =   0.02 sec
----------------------------------------------------------
Test Passed.
"rolling_quarter_argmax returns correct index for ramp pr" end time: Apr 11 20:41 UTC
"rolling_quarter_argmax returns correct index for ramp pr" time elapsed: 00:00:00
----------------------------------------------------------

8/52 Testing: rolling_quarter_argmin returns correct index for ramp pr
8/52 Test: rolling_quarter_argmin returns correct index for ramp pr
Command: "/home/runner/work/xbioclim/xbioclim/build_offload/tests/test_xbioclim" "rolling_quarter_argmin returns correct index for ramp pr"
Directory: /home/runner/work/xbioclim/xbioclim/build_offload/tests
"rolling_quarter_argmin returns correct index for ramp pr" start time: Apr 11 20:41 UTC
Output:
----------------------------------------------------------
Filters: "rolling_quarter_argmin returns correct index for ramp pr"
Randomness seeded to: 4242577224
===============================================================================
All tests passed (1 assertion in 1 test case)

<end of output>
Test time =   0.02 sec
----------------------------------------------------------
Test Passed.
"rolling_quarter_argmin returns correct index for ramp pr" end time: Apr 11 20:41 UTC
"rolling_quarter_argmin returns correct index for ramp pr" time elapsed: 00:00:00
----------------------------------------------------------

9/52 Testing: quarter_mean gives correct mean for wettest quarter
9/52 Test: quarter_mean gives correct mean for wettest quarter
Command: "/home/runner/work/xbioclim/xbioclim/build_offload/tests/test_xbioclim" "quarter_mean gives correct mean for wettest quarter"
Directory: /home/runner/work/xbioclim/xbioclim/build_offload/tests
"quarter_mean gives correct mean for wettest quarter" start time: Apr 11 20:41 UTC
Output:
----------------------------------------------------------
Filters: "quarter_mean gives correct mean for wettest quarter"
Randomness seeded to: 1142283907
===============================================================================
All tests passed (1 assertion in 1 test case)

<end of output>
Test time =   0.02 sec
----------------------------------------------------------
Test Passed.
"quarter_mean gives correct mean for wettest quarter" end time: Apr 11 20:41 UTC
"quarter_mean gives correct mean for wettest quarter" time elapsed: 00:00:00
----------------------------------------------------------

10/52 Testing: quarter_mean handles circular wrap-around
10/52 Test: quarter_mean handles circular wrap-around
Command: "/home/runner/work/xbioclim/xbioclim/build_offload/tests/test_xbioclim" "quarter_mean handles circular wrap-around"
Directory: /home/runner/work/xbioclim/xbioclim/build_offload/tests
"quarter_mean handles circular wrap-around" start time: Apr 11 20:41 UTC
Output:
----------------------------------------------------------
Filters: "quarter_mean handles circular wrap-around"
Randomness seeded to: 655751719
===============================================================================
All tests passed (1 assertion in 1 test case)

<end of output>
Test time =   0.02 sec
----------------------------------------------------------
Test Passed.
"quarter_mean handles circular wrap-around" end time: Apr 11 20:41 UTC
"quarter_mean handles circular wrap-around" time elapsed: 00:00:00
----------------------------------------------------------

11/52 Testing: rolling_quarter_argmax with all-equal values returns index 0
11/52 Test: rolling_quarter_argmax with all-equal values returns index 0
Command: "/home/runner/work/xbioclim/xbioclim/build_offload/tests/test_xbioclim" "rolling_quarter_argmax with all-equal values returns index 0"
Directory: /home/runner/work/xbioclim/xbioclim/build_offload/tests
"rolling_quarter_argmax with all-equal values returns index 0" start time: Apr 11 20:41 UTC
Output:
----------------------------------------------------------
Filters: "rolling_quarter_argmax with all-equal values returns index 0"
Randomness seeded to: 3547426135
===============================================================================
All tests passed (1 assertion in 1 test case)

<end of output>
Test time =   0.03 sec
----------------------------------------------------------
Test Passed.
"rolling_quarter_argmax with all-equal values returns index 0" end time: Apr 11 20:41 UTC
"rolling_quarter_argmax with all-equal values returns index 0" time elapsed: 00:00:00
----------------------------------------------------------

12/52 Testing: rolling_quarter_argmin with all-equal values returns index 0
12/52 Test: rolling_quarter_argmin with all-equal values returns index 0
Command: "/home/runner/work/xbioclim/xbioclim/build_offload/tests/test_xbioclim" "rolling_quarter_argmin with all-equal values returns index 0"
Directory: /home/runner/work/xbioclim/xbioclim/build_offload/tests
"rolling_quarter_argmin with all-equal values returns index 0" start time: Apr 11 20:41 UTC
Output:
----------------------------------------------------------
Filters: "rolling_quarter_argmin with all-equal values returns index 0"
Randomness seeded to: 3617340146
===============================================================================
All tests passed (1 assertion in 1 test case)

<end of output>
Test time =   0.02 sec
----------------------------------------------------------
Test Passed.
"rolling_quarter_argmin with all-equal values returns index 0" end time: Apr 11 20:41 UTC
"rolling_quarter_argmin with all-equal values returns index 0" time elapsed: 00:00:00
----------------------------------------------------------

13/52 Testing: row_std with all-zero input returns 0.0
13/52 Test: row_std with all-zero input returns 0.0
Command: "/home/runner/work/xbioclim/xbioclim/build_offload/tests/test_xbioclim" "row_std with all-zero input returns 0.0"
Directory: /home/runner/work/xbioclim/xbioclim/build_offload/tests
"row_std with all-zero input returns 0.0" start time: Apr 11 20:41 UTC
Output:
----------------------------------------------------------
Filters: "row_std with all-zero input returns 0.0"
Randomness seeded to: 3341375965
===============================================================================
All tests passed (1 assertion in 1 test case)

<end of output>
Test time =   0.02 sec
----------------------------------------------------------
Test Passed.
"row_std with all-zero input returns 0.0" end time: Apr 11 20:41 UTC
"row_std with all-zero input returns 0.0" time elapsed: 00:00:00
----------------------------------------------------------

14/52 Testing: rolling_quarter_argmax with NaN returns sentinel
14/52 Test: rolling_quarter_argmax with NaN returns sentinel
Command: "/home/runner/work/xbioclim/xbioclim/build_offload/tests/test_xbioclim" "rolling_quarter_argmax with NaN returns sentinel"
Directory: /home/runner/work/xbioclim/xbioclim/build_offload/tests
"rolling_quarter_argmax with NaN returns sentinel" start time: Apr 11 20:41 UTC
Output:
----------------------------------------------------------
Filters: "rolling_quarter_argmax with NaN returns sentinel"
Randomness seeded to: 3515510340
===============================================================================
All tests passed (1 assertion in 1 test case)

<end of output>
Test time =   0.02 sec
----------------------------------------------------------
Test Passed.
"rolling_quarter_argmax with NaN returns sentinel" end time: Apr 11 20:41 UTC
"rolling_quarter_argmax with NaN returns sentinel" time elapsed: 00:00:00
----------------------------------------------------------

15/52 Testing: rolling_quarter_argmin with NaN returns sentinel
15/52 Test: rolling_quarter_argmin with NaN returns sentinel
Command: "/home/runner/work/xbioclim/xbioclim/build_offload/tests/test_xbioclim" "rolling_quarter_argmin with NaN returns sentinel"
Directory: /home/runner/work/xbioclim/xbioclim/build_offload/tests
"rolling_quarter_argmin with NaN returns sentinel" start time: Apr 11 20:41 UTC
Output:
----------------------------------------------------------
Filters: "rolling_quarter_argmin with NaN returns sentinel"
Randomness seeded to: 3845027762
===============================================================================
All tests passed (1 assertion in 1 test case)

<end of output>
Test time =   0.02 sec
----------------------------------------------------------
Test Passed.
"rolling_quarter_argmin with NaN returns sentinel" end time: Apr 11 20:41 UTC
"rolling_quarter_argmin with NaN returns sentinel" time elapsed: 00:00:00
----------------------------------------------------------

16/52 Testing: quarter_mean returns NaN for sentinel start index
16/52 Test: quarter_mean returns NaN for sentinel start index
Command: "/home/runner/work/xbioclim/xbioclim/build_offload/tests/test_xbioclim" "quarter_mean returns NaN for sentinel start index"
Directory: /home/runner/work/xbioclim/xbioclim/build_offload/tests
"quarter_mean returns NaN for sentinel start index" start time: Apr 11 20:41 UTC
Output:
----------------------------------------------------------
Filters: "quarter_mean returns NaN for sentinel start index"
Randomness seeded to: 2088083417
===============================================================================
All tests passed (1 assertion in 1 test case)

<end of output>
Test time =   0.02 sec
----------------------------------------------------------
Test Passed.
"quarter_mean returns NaN for sentinel start index" end time: Apr 11 20:41 UTC
"quarter_mean returns NaN for sentinel start index" time elapsed: 00:00:00
----------------------------------------------------------

17/52 Testing: BIO01 - Mean Annual Temperature
17/52 Test: BIO01 - Mean Annual Temperature
Command: "/home/runner/work/xbioclim/xbioclim/build_offload/tests/test_xbioclim" "BIO01 - Mean Annual Temperature"
Directory: /home/runner/work/xbioclim/xbioclim/build_offload/tests
"BIO01 - Mean Annual Temperature" start time: Apr 11 20:41 UTC
Output:
----------------------------------------------------------
Filters: "BIO01 - Mean Annual Temperature"
Randomness seeded to: 3269472847
===============================================================================
All tests passed (1 assertion in 1 test case)

<end of output>
Test time =   0.02 sec
----------------------------------------------------------
Test Passed.
"BIO01 - Mean Annual Temperature" end time: Apr 11 20:41 UTC
"BIO01 - Mean Annual Temperature" time elapsed: 00:00:00
----------------------------------------------------------

18/52 Testing: BIO02 - Mean Diurnal Range
18/52 Test: BIO02 - Mean Diurnal Range
Command: "/home/runner/work/xbioclim/xbioclim/build_offload/tests/test_xbioclim" "BIO02 - Mean Diurnal Range"
Directory: /home/runner/work/xbioclim/xbioclim/build_offload/tests
"BIO02 - Mean Diurnal Range" start time: Apr 11 20:41 UTC
Output:
----------------------------------------------------------
Filters: "BIO02 - Mean Diurnal Range"
Randomness seeded to: 970664542
===============================================================================
All tests passed (1 assertion in 1 test case)

<end of output>
Test time =   0.02 sec
----------------------------------------------------------
Test Passed.
"BIO02 - Mean Diurnal Range" end time: Apr 11 20:41 UTC
"BIO02 - Mean Diurnal Range" time elapsed: 00:00:00
----------------------------------------------------------

19/52 Testing: BIO03 - Isothermality
19/52 Test: BIO03 - Isothermality
Command: "/home/runner/work/xbioclim/xbioclim/build_offload/tests/test_xbioclim" "BIO03 - Isothermality"
Directory: /home/runner/work/xbioclim/xbioclim/build_offload/tests
"BIO03 - Isothermality" start time: Apr 11 20:41 UTC
Output:
----------------------------------------------------------
Filters: "BIO03 - Isothermality"
Randomness seeded to: 580453712
===============================================================================
All tests passed (1 assertion in 1 test case)

<end of output>
Test time =   0.03 sec
----------------------------------------------------------
Test Passed.
"BIO03 - Isothermality" end time: Apr 11 20:41 UTC
"BIO03 - Isothermality" time elapsed: 00:00:00
----------------------------------------------------------

20/52 Testing: BIO04 - Temperature Seasonality
20/52 Test: BIO04 - Temperature Seasonality
Command: "/home/runner/work/xbioclim/xbioclim/build_offload/tests/test_xbioclim" "BIO04 - Temperature Seasonality"
Directory: /home/runner/work/xbioclim/xbioclim/build_offload/tests
"BIO04 - Temperature Seasonality" start time: Apr 11 20:41 UTC
Output:
----------------------------------------------------------
Filters: "BIO04 - Temperature Seasonality"
Randomness seeded to: 3182422125
===============================================================================
All tests passed (1 assertion in 1 test case)

<end of output>
Test time =   0.03 sec
----------------------------------------------------------
Test Passed.
"BIO04 - Temperature Seasonality" end time: Apr 11 20:41 UTC
"BIO04 - Temperature Seasonality" time elapsed: 00:00:00
----------------------------------------------------------

21/52 Testing: BIO05 - Max Temperature of Warmest Month
21/52 Test: BIO05 - Max Temperature of Warmest Month
Command: "/home/runner/work/xbioclim/xbioclim/build_offload/tests/test_xbioclim" "BIO05 - Max Temperature of Warmest Month"
Directory: /home/runner/work/xbioclim/xbioclim/build_offload/tests
"BIO05 - Max Temperature of Warmest Month" start time: Apr 11 20:41 UTC
Output:
----------------------------------------------------------
Filters: "BIO05 - Max Temperature of Warmest Month"
Randomness seeded to: 1839331370
===============================================================================
All tests passed (1 assertion in 1 test case)

<end of output>
Test time =   0.02 sec
----------------------------------------------------------
Test Passed.
"BIO05 - Max Temperature of Warmest Month" end time: Apr 11 20:41 UTC
"BIO05 - Max Temperature of Warmest Month" time elapsed: 00:00:00
----------------------------------------------------------

22/52 Testing: BIO06 - Min Temperature of Coldest Month
22/52 Test: BIO06 - Min Temperature of Coldest Month
Command: "/home/runner/work/xbioclim/xbioclim/build_offload/tests/test_xbioclim" "BIO06 - Min Temperature of Coldest Month"
Directory: /home/runner/work/xbioclim/xbioclim/build_offload/tests
"BIO06 - Min Temperature of Coldest Month" start time: Apr 11 20:41 UTC
Output:
----------------------------------------------------------
Filters: "BIO06 - Min Temperature of Coldest Month"
Randomness seeded to: 2659364479
===============================================================================
All tests passed (1 assertion in 1 test case)

<end of output>
Test time =   0.02 sec
----------------------------------------------------------
Test Passed.
"BIO06 - Min Temperature of Coldest Month" end time: Apr 11 20:41 UTC
"BIO06 - Min Temperature of Coldest Month" time elapsed: 00:00:00
----------------------------------------------------------

23/52 Testing: BIO07 - Annual Temperature Range
23/52 Test: BIO07 - Annual Temperature Range
Command: "/home/runner/work/xbioclim/xbioclim/build_offload/tests/test_xbioclim" "BIO07 - Annual Temperature Range"
Directory: /home/runner/work/xbioclim/xbioclim/build_offload/tests
"BIO07 - Annual Temperature Range" start time: Apr 11 20:41 UTC
Output:
----------------------------------------------------------
Filters: "BIO07 - Annual Temperature Range"
Randomness seeded to: 1288624532
===============================================================================
All tests passed (1 assertion in 1 test case)

<end of output>
Test time =   0.02 sec
----------------------------------------------------------
Test Passed.
"BIO07 - Annual Temperature Range" end time: Apr 11 20:41 UTC
"BIO07 - Annual Temperature Range" time elapsed: 00:00:00
----------------------------------------------------------

24/52 Testing: BIO08 - Mean Temp of Wettest Quarter
24/52 Test: BIO08 - Mean Temp of Wettest Quarter
Command: "/home/runner/work/xbioclim/xbioclim/build_offload/tests/test_xbioclim" "BIO08 - Mean Temp of Wettest Quarter"
Directory: /home/runner/work/xbioclim/xbioclim/build_offload/tests
"BIO08 - Mean Temp of Wettest Quarter" start time: Apr 11 20:41 UTC
Output:
----------------------------------------------------------
Filters: "BIO08 - Mean Temp of Wettest Quarter"
Randomness seeded to: 417400554
===============================================================================
All tests passed (1 assertion in 1 test case)

<end of output>
Test time =   0.02 sec
----------------------------------------------------------
Test Passed.
"BIO08 - Mean Temp of Wettest Quarter" end time: Apr 11 20:41 UTC
"BIO08 - Mean Temp of Wettest Quarter" time elapsed: 00:00:00
----------------------------------------------------------

25/52 Testing: BIO09 - Mean Temp of Driest Quarter
25/52 Test: BIO09 - Mean Temp of Driest Quarter
Command: "/home/runner/work/xbioclim/xbioclim/build_offload/tests/test_xbioclim" "BIO09 - Mean Temp of Driest Quarter"
Directory: /home/runner/work/xbioclim/xbioclim/build_offload/tests
"BIO09 - Mean Temp of Driest Quarter" start time: Apr 11 20:41 UTC
Output:
----------------------------------------------------------
Filters: "BIO09 - Mean Temp of Driest Quarter"
Randomness seeded to: 2645642537
===============================================================================
All tests passed (1 assertion in 1 test case)

<end of output>
Test time =   0.02 sec
----------------------------------------------------------
Test Passed.
"BIO09 - Mean Temp of Driest Quarter" end time: Apr 11 20:41 UTC
"BIO09 - Mean Temp of Driest Quarter" time elapsed: 00:00:00
----------------------------------------------------------

26/52 Testing: BIO10 - Mean Temp of Warmest Quarter
26/52 Test: BIO10 - Mean Temp of Warmest Quarter
Command: "/home/runner/work/xbioclim/xbioclim/build_offload/tests/test_xbioclim" "BIO10 - Mean Temp of Warmest Quarter"
Directory: /home/runner/work/xbioclim/xbioclim/build_offload/tests
"BIO10 - Mean Temp of Warmest Quarter" start time: Apr 11 20:41 UTC
Output:
----------------------------------------------------------
Filters: "BIO10 - Mean Temp of Warmest Quarter"
Randomness seeded to: 1626590525
===============================================================================
All tests passed (1 assertion in 1 test case)

<end of output>
Test time =   0.02 sec
----------------------------------------------------------
Test Passed.
"BIO10 - Mean Temp of Warmest Quarter" end time: Apr 11 20:41 UTC
"BIO10 - Mean Temp of Warmest Quarter" time elapsed: 00:00:00
----------------------------------------------------------

27/52 Testing: BIO11 - Mean Temp of Coldest Quarter
27/52 Test: BIO11 - Mean Temp of Coldest Quarter
Command: "/home/runner/work/xbioclim/xbioclim/build_offload/tests/test_xbioclim" "BIO11 - Mean Temp of Coldest Quarter"
Directory: /home/runner/work/xbioclim/xbioclim/build_offload/tests
"BIO11 - Mean Temp of Coldest Quarter" start time: Apr 11 20:41 UTC
Output:
----------------------------------------------------------
Filters: "BIO11 - Mean Temp of Coldest Quarter"
Randomness seeded to: 3527608930
===============================================================================
All tests passed (1 assertion in 1 test case)

<end of output>
Test time =   0.03 sec
----------------------------------------------------------
Test Passed.
"BIO11 - Mean Temp of Coldest Quarter" end time: Apr 11 20:41 UTC
"BIO11 - Mean Temp of Coldest Quarter" time elapsed: 00:00:00
----------------------------------------------------------

28/52 Testing: BIO12 - Annual Precipitation
28/52 Test: BIO12 - Annual Precipitation
Command: "/home/runner/work/xbioclim/xbioclim/build_offload/tests/test_xbioclim" "BIO12 - Annual Precipitation"
Directory: /home/runner/work/xbioclim/xbioclim/build_offload/tests
"BIO12 - Annual Precipitation" start time: Apr 11 20:41 UTC
Output:
----------------------------------------------------------
Filters: "BIO12 - Annual Precipitation"
Randomness seeded to: 1716994572
===============================================================================
All tests passed (1 assertion in 1 test case)

<end of output>
Test time =   0.02 sec
----------------------------------------------------------
Test Passed.
"BIO12 - Annual Precipitation" end time: Apr 11 20:41 UTC
"BIO12 - Annual Precipitation" time elapsed: 00:00:00
----------------------------------------------------------

29/52 Testing: BIO13 - Precipitation of Wettest Month
29/52 Test: BIO13 - Precipitation of Wettest Month
Command: "/home/runner/work/xbioclim/xbioclim/build_offload/tests/test_xbioclim" "BIO13 - Precipitation of Wettest Month"
Directory: /home/runner/work/xbioclim/xbioclim/build_offload/tests
"BIO13 - Precipitation of Wettest Month" start time: Apr 11 20:41 UTC
Output:
----------------------------------------------------------
Filters: "BIO13 - Precipitation of Wettest Month"
Randomness seeded to: 3473258163
===============================================================================
All tests passed (1 assertion in 1 test case)

<end of output>
Test time =   0.02 sec
----------------------------------------------------------
Test Passed.
"BIO13 - Precipitation of Wettest Month" end time: Apr 11 20:41 UTC
"BIO13 - Precipitation of Wettest Month" time elapsed: 00:00:00
----------------------------------------------------------

30/52 Testing: BIO14 - Precipitation of Driest Month
30/52 Test: BIO14 - Precipitation of Driest Month
Command: "/home/runner/work/xbioclim/xbioclim/build_offload/tests/test_xbioclim" "BIO14 - Precipitation of Driest Month"
Directory: /home/runner/work/xbioclim/xbioclim/build_offload/tests
"BIO14 - Precipitation of Driest Month" start time: Apr 11 20:41 UTC
Output:
----------------------------------------------------------
Filters: "BIO14 - Precipitation of Driest Month"
Randomness seeded to: 1135594041
===============================================================================
All tests passed (1 assertion in 1 test case)

<end of output>
Test time =   0.02 sec
----------------------------------------------------------
Test Passed.
"BIO14 - Precipitation of Driest Month" end time: Apr 11 20:41 UTC
"BIO14 - Precipitation of Driest Month" time elapsed: 00:00:00
----------------------------------------------------------

31/52 Testing: BIO15 - Precipitation Seasonality
31/52 Test: BIO15 - Precipitation Seasonality
Command: "/home/runner/work/xbioclim/xbioclim/build_offload/tests/test_xbioclim" "BIO15 - Precipitation Seasonality"
Directory: /home/runner/work/xbioclim/xbioclim/build_offload/tests
"BIO15 - Precipitation Seasonality" start time: Apr 11 20:41 UTC
Output:
----------------------------------------------------------
Filters: "BIO15 - Precipitation Seasonality"
Randomness seeded to: 3766500576
===============================================================================
All tests passed (1 assertion in 1 test case)

<end of output>
Test time =   0.02 sec
----------------------------------------------------------
Test Passed.
"BIO15 - Precipitation Seasonality" end time: Apr 11 20:41 UTC
"BIO15 - Precipitation Seasonality" time elapsed: 00:00:00
----------------------------------------------------------

32/52 Testing: BIO16 - Precipitation of Wettest Quarter
32/52 Test: BIO16 - Precipitation of Wettest Quarter
Command: "/home/runner/work/xbioclim/xbioclim/build_offload/tests/test_xbioclim" "BIO16 - Precipitation of Wettest Quarter"
Directory: /home/runner/work/xbioclim/xbioclim/build_offload/tests
"BIO16 - Precipitation of Wettest Quarter" start time: Apr 11 20:41 UTC
Output:
----------------------------------------------------------
Filters: "BIO16 - Precipitation of Wettest Quarter"
Randomness seeded to: 1667686776
===============================================================================
All tests passed (1 assertion in 1 test case)

<end of output>
Test time =   0.02 sec
----------------------------------------------------------
Test Passed.
"BIO16 - Precipitation of Wettest Quarter" end time: Apr 11 20:41 UTC
"BIO16 - Precipitation of Wettest Quarter" time elapsed: 00:00:00
----------------------------------------------------------

33/52 Testing: BIO17 - Precipitation of Driest Quarter
33/52 Test: BIO17 - Precipitation of Driest Quarter
Command: "/home/runner/work/xbioclim/xbioclim/build_offload/tests/test_xbioclim" "BIO17 - Precipitation of Driest Quarter"
Directory: /home/runner/work/xbioclim/xbioclim/build_offload/tests
"BIO17 - Precipitation of Driest Quarter" start time: Apr 11 20:41 UTC
Output:
----------------------------------------------------------
Filters: "BIO17 - Precipitation of Driest Quarter"
Randomness seeded to: 1173880921
===============================================================================
All tests passed (1 assertion in 1 test case)

<end of output>
Test time =   0.02 sec
----------------------------------------------------------
Test Passed.
"BIO17 - Precipitation of Driest Quarter" end time: Apr 11 20:41 UTC
"BIO17 - Precipitation of Driest Quarter" time elapsed: 00:00:00
----------------------------------------------------------

34/52 Testing: BIO18 - Precipitation of Warmest Quarter
34/52 Test: BIO18 - Precipitation of Warmest Quarter
Command: "/home/runner/work/xbioclim/xbioclim/build_offload/tests/test_xbioclim" "BIO18 - Precipitation of Warmest Quarter"
Directory: /home/runner/work/xbioclim/xbioclim/build_offload/tests
"BIO18 - Precipitation of Warmest Quarter" start time: Apr 11 20:41 UTC
Output:
----------------------------------------------------------
Filters: "BIO18 - Precipitation of Warmest Quarter"
Randomness seeded to: 4192788877
===============================================================================
All tests passed (1 assertion in 1 test case)

<end of output>
Test time =   0.02 sec
----------------------------------------------------------
Test Passed.
"BIO18 - Precipitation of Warmest Quarter" end time: Apr 11 20:41 UTC
"BIO18 - Precipitation of Warmest Quarter" time elapsed: 00:00:00
----------------------------------------------------------

35/52 Testing: BIO19 - Precipitation of Coldest Quarter
35/52 Test: BIO19 - Precipitation of Coldest Quarter
Command: "/home/runner/work/xbioclim/xbioclim/build_offload/tests/test_xbioclim" "BIO19 - Precipitation of Coldest Quarter"
Directory: /home/runner/work/xbioclim/xbioclim/build_offload/tests
"BIO19 - Precipitation of Coldest Quarter" start time: Apr 11 20:41 UTC
Output:
----------------------------------------------------------
Filters: "BIO19 - Precipitation of Coldest Quarter"
Randomness seeded to: 3654912762
===============================================================================
All tests passed (1 assertion in 1 test case)

<end of output>
Test time =   0.02 sec
----------------------------------------------------------
Test Passed.
"BIO19 - Precipitation of Coldest Quarter" end time: Apr 11 20:41 UTC
"BIO19 - Precipitation of Coldest Quarter" time elapsed: 00:00:00
----------------------------------------------------------

36/52 Testing: BIO03 is NoData when BIO07 is zero
36/52 Test: BIO03 is NoData when BIO07 is zero
Command: "/home/runner/work/xbioclim/xbioclim/build_offload/tests/test_xbioclim" "BIO03 is NoData when BIO07 is zero"
Directory: /home/runner/work/xbioclim/xbioclim/build_offload/tests
"BIO03 is NoData when BIO07 is zero" start time: Apr 11 20:41 UTC
Output:
----------------------------------------------------------
Filters: "BIO03 is NoData when BIO07 is zero"
Randomness seeded to: 1642703603
===============================================================================
All tests passed (1 assertion in 1 test case)

<end of output>
Test time =   0.03 sec
----------------------------------------------------------
Test Passed.
"BIO03 is NoData when BIO07 is zero" end time: Apr 11 20:41 UTC
"BIO03 is NoData when BIO07 is zero" time elapsed: 00:00:00
----------------------------------------------------------

37/52 Testing: BIO15 is NoData when mean precipitation is zero
37/52 Test: BIO15 is NoData when mean precipitation is zero
Command: "/home/runner/work/xbioclim/xbioclim/build_offload/tests/test_xbioclim" "BIO15 is NoData when mean precipitation is zero"
Directory: /home/runner/work/xbioclim/xbioclim/build_offload/tests
"BIO15 is NoData when mean precipitation is zero" start time: Apr 11 20:41 UTC
Output:
----------------------------------------------------------
Filters: "BIO15 is NoData when mean precipitation is zero"
Randomness seeded to: 3635136081
===============================================================================
All tests passed (1 assertion in 1 test case)

<end of output>
Test time =   0.02 sec
----------------------------------------------------------
Test Passed.
"BIO15 is NoData when mean precipitation is zero" end time: Apr 11 20:41 UTC
"BIO15 is NoData when mean precipitation is zero" time elapsed: 00:00:00
----------------------------------------------------------

38/52 Testing: compute_bioclim handles multiple pixels
38/52 Test: compute_bioclim handles multiple pixels
Command: "/home/runner/work/xbioclim/xbioclim/build_offload/tests/test_xbioclim" "compute_bioclim handles multiple pixels"
Directory: /home/runner/work/xbioclim/xbioclim/build_offload/tests
"compute_bioclim handles multiple pixels" start time: Apr 11 20:41 UTC
Output:
----------------------------------------------------------
Filters: "compute_bioclim handles multiple pixels"
Randomness seeded to: 3250156798
===============================================================================
All tests passed (200 assertions in 1 test case)

<end of output>
Test time =   0.02 sec
----------------------------------------------------------
Test Passed.
"compute_bioclim handles multiple pixels" end time: Apr 11 20:41 UTC
"compute_bioclim handles multiple pixels" time elapsed: 00:00:00
----------------------------------------------------------

39/52 Testing: NaN inputs propagate through BIO variables
39/52 Test: NaN inputs propagate through BIO variables
Command: "/home/runner/work/xbioclim/xbioclim/build_offload/tests/test_xbioclim" "NaN inputs propagate through BIO variables"
Directory: /home/runner/work/xbioclim/xbioclim/build_offload/tests
"NaN inputs propagate through BIO variables" start time: Apr 11 20:41 UTC
Output:
----------------------------------------------------------
Filters: "NaN inputs propagate through BIO variables"
Randomness seeded to: 3447460686
===============================================================================
All tests passed (17 assertions in 1 test case)

<end of output>
Test time =   0.02 sec
----------------------------------------------------------
Test Passed.
"NaN inputs propagate through BIO variables" end time: Apr 11 20:41 UTC
"NaN inputs propagate through BIO variables" time elapsed: 00:00:00
----------------------------------------------------------

40/52 Testing: ClimateBlock rejects mismatched n_pixels
40/52 Test: ClimateBlock rejects mismatched n_pixels
Command: "/home/runner/work/xbioclim/xbioclim/build_offload/tests/test_xbioclim" "ClimateBlock rejects mismatched n_pixels"
Directory: /home/runner/work/xbioclim/xbioclim/build_offload/tests
"ClimateBlock rejects mismatched n_pixels" start time: Apr 11 20:41 UTC
Output:
----------------------------------------------------------
Filters: "ClimateBlock rejects mismatched n_pixels"
Randomness seeded to: 1530471116
===============================================================================
All tests passed (1 assertion in 1 test case)

<end of output>
Test time =   0.02 sec
----------------------------------------------------------
Test Passed.
"ClimateBlock rejects mismatched n_pixels" end time: Apr 11 20:41 UTC
"ClimateBlock rejects mismatched n_pixels" time elapsed: 00:00:00
----------------------------------------------------------

41/52 Testing: All-identical monthly values yield zero seasonality
41/52 Test: All-identical monthly values yield zero seasonality
Command: "/home/runner/work/xbioclim/xbioclim/build_offload/tests/test_xbioclim" "All-identical monthly values yield zero seasonality"
Directory: /home/runner/work/xbioclim/xbioclim/build_offload/tests
"All-identical monthly values yield zero seasonality" start time: Apr 11 20:41 UTC
Output:
----------------------------------------------------------
Filters: "All-identical monthly values yield zero seasonality"
Randomness seeded to: 363331327
===============================================================================
All tests passed (2 assertions in 1 test case)

<end of output>
Test time =   0.02 sec
----------------------------------------------------------
Test Passed.
"All-identical monthly values yield zero seasonality" end time: Apr 11 20:41 UTC
"All-identical monthly values yield zero seasonality" time elapsed: 00:00:00
----------------------------------------------------------

42/52 Testing: Offload: BIO01/BIO12 match expected values
42/52 Test: Offload: BIO01/BIO12 match expected values
Command: "/home/runner/work/xbioclim/xbioclim/build_offload/tests/test_xbioclim" "Offload: BIO01/BIO12 match expected values"
Directory: /home/runner/work/xbioclim/xbioclim/build_offload/tests
"Offload: BIO01/BIO12 match expected values" start time: Apr 11 20:41 UTC
Output:
----------------------------------------------------------
Filters: "Offload: BIO01/BIO12 match expected values"
Randomness seeded to: 558534441
===============================================================================
All tests passed (2 assertions in 1 test case)

<end of output>
Test time =   0.02 sec
----------------------------------------------------------
Test Passed.
"Offload: BIO01/BIO12 match expected values" end time: Apr 11 20:41 UTC
"Offload: BIO01/BIO12 match expected values" time elapsed: 00:00:00
----------------------------------------------------------

43/52 Testing: Offload: quarter-based variables match expected values
43/52 Test: Offload: quarter-based variables match expected values
Command: "/home/runner/work/xbioclim/xbioclim/build_offload/tests/test_xbioclim" "Offload: quarter-based variables match expected values"
Directory: /home/runner/work/xbioclim/xbioclim/build_offload/tests
"Offload: quarter-based variables match expected values" start time: Apr 11 20:41 UTC
Output:
----------------------------------------------------------
Filters: "Offload: quarter-based variables match expected values"
Randomness seeded to: 2978709307
===============================================================================
All tests passed (8 assertions in 1 test case)

<end of output>
Test time =   0.02 sec
----------------------------------------------------------
Test Passed.
"Offload: quarter-based variables match expected values" end time: Apr 11 20:41 UTC
"Offload: quarter-based variables match expected values" time elapsed: 00:00:00
----------------------------------------------------------

44/52 Testing: Offload: NaN inputs produce NaN outputs
44/52 Test: Offload: NaN inputs produce NaN outputs
Command: "/home/runner/work/xbioclim/xbioclim/build_offload/tests/test_xbioclim" "Offload: NaN inputs produce NaN outputs"
Directory: /home/runner/work/xbioclim/xbioclim/build_offload/tests
"Offload: NaN inputs produce NaN outputs" start time: Apr 11 20:41 UTC
Output:
----------------------------------------------------------
Filters: "Offload: NaN inputs produce NaN outputs"
Randomness seeded to: 3673397942
===============================================================================
All tests passed (8 assertions in 1 test case)

<end of output>
Test time =   0.02 sec
----------------------------------------------------------
Test Passed.
"Offload: NaN inputs produce NaN outputs" end time: Apr 11 20:41 UTC
"Offload: NaN inputs produce NaN outputs" time elapsed: 00:00:00
----------------------------------------------------------

45/52 Testing: Offload: multiple pixels yield consistent results
45/52 Test: Offload: multiple pixels yield consistent results
Command: "/home/runner/work/xbioclim/xbioclim/build_offload/tests/test_xbioclim" "Offload: multiple pixels yield consistent results"
Directory: /home/runner/work/xbioclim/xbioclim/build_offload/tests
"Offload: multiple pixels yield consistent results" start time: Apr 11 20:41 UTC
Output:
----------------------------------------------------------
Filters: "Offload: multiple pixels yield consistent results"
Randomness seeded to: 3130127752
===============================================================================
All tests passed (3000 assertions in 1 test case)

<end of output>
Test time =   0.02 sec
----------------------------------------------------------
Test Passed.
"Offload: multiple pixels yield consistent results" end time: Apr 11 20:41 UTC
"Offload: multiple pixels yield consistent results" time elapsed: 00:00:00
----------------------------------------------------------

46/52 Testing: Offload: BIO03 is NoData when BIO07 is zero
46/52 Test: Offload: BIO03 is NoData when BIO07 is zero
Command: "/home/runner/work/xbioclim/xbioclim/build_offload/tests/test_xbioclim" "Offload: BIO03 is NoData when BIO07 is zero"
Directory: /home/runner/work/xbioclim/xbioclim/build_offload/tests
"Offload: BIO03 is NoData when BIO07 is zero" start time: Apr 11 20:41 UTC
Output:
----------------------------------------------------------
Filters: "Offload: BIO03 is NoData when BIO07 is zero"
Randomness seeded to: 2196120324
===============================================================================
All tests passed (1 assertion in 1 test case)

<end of output>
Test time =   0.03 sec
----------------------------------------------------------
Test Passed.
"Offload: BIO03 is NoData when BIO07 is zero" end time: Apr 11 20:41 UTC
"Offload: BIO03 is NoData when BIO07 is zero" time elapsed: 00:00:00
----------------------------------------------------------

47/52 Testing: Offload: BIO15 is NoData when mean precipitation is zero
47/52 Test: Offload: BIO15 is NoData when mean precipitation is zero
Command: "/home/runner/work/xbioclim/xbioclim/build_offload/tests/test_xbioclim" "Offload: BIO15 is NoData when mean precipitation is zero"
Directory: /home/runner/work/xbioclim/xbioclim/build_offload/tests
"Offload: BIO15 is NoData when mean precipitation is zero" start time: Apr 11 20:41 UTC
Output:
----------------------------------------------------------
Filters: "Offload: BIO15 is NoData when mean precipitation is zero"
Randomness seeded to: 3419466552
===============================================================================
All tests passed (1 assertion in 1 test case)

<end of output>
Test time =   0.02 sec
----------------------------------------------------------
Test Passed.
"Offload: BIO15 is NoData when mean precipitation is zero" end time: Apr 11 20:41 UTC
"Offload: BIO15 is NoData when mean precipitation is zero" time elapsed: 00:00:00
----------------------------------------------------------

48/52 Testing: GdalReader opens valid datasets
48/52 Test: GdalReader opens valid datasets
Command: "/home/runner/work/xbioclim/xbioclim/build_offload/tests/test_xbioclim" "GdalReader opens valid datasets"
Directory: /home/runner/work/xbioclim/xbioclim/build_offload/tests
"GdalReader opens valid datasets" start time: Apr 11 20:41 UTC
Output:
----------------------------------------------------------
Filters: "GdalReader opens valid datasets"
Randomness seeded to: 2724145909

~~~~~~~~~~~~~~~~~~~~~~~~~~~~~~~~~~~~~~~~~~~~~~~~~~~~~~~~~~~~~~~~~~~~~~~~~~~~~~~
test_xbioclim is a Catch2 v3.5.2 host application.
Run with -? for options

-------------------------------------------------------------------------------
GdalReader opens valid datasets
-------------------------------------------------------------------------------
/home/runner/work/xbioclim/xbioclim/tests/test_gdal_io.cpp:50
...............................................................................

/home/runner/work/xbioclim/xbioclim/tests/test_gdal_io.cpp:52: SKIPPED:
explicitly with message:
  Test data not found; run tools/generate_test_data.py first

================================================================================
test cases: 1 | 1 skipped
assertions: - none -

<end of output>
Test time =   0.02 sec
----------------------------------------------------------
Test Passed.
"GdalReader opens valid datasets" end time: Apr 11 20:41 UTC
"GdalReader opens valid datasets" time elapsed: 00:00:00
----------------------------------------------------------

49/52 Testing: GdalReader reports correct raster dimensions
49/52 Test: GdalReader reports correct raster dimensions
Command: "/home/runner/work/xbioclim/xbioclim/build_offload/tests/test_xbioclim" "GdalReader reports correct raster dimensions"
Directory: /home/runner/work/xbioclim/xbioclim/build_offload/tests
"GdalReader reports correct raster dimensions" start time: Apr 11 20:41 UTC
Output:
----------------------------------------------------------
Filters: "GdalReader reports correct raster dimensions"
Randomness seeded to: 723703781

~~~~~~~~~~~~~~~~~~~~~~~~~~~~~~~~~~~~~~~~~~~~~~~~~~~~~~~~~~~~~~~~~~~~~~~~~~~~~~~
test_xbioclim is a Catch2 v3.5.2 host application.
Run with -? for options

-------------------------------------------------------------------------------
GdalReader reports correct raster dimensions
-------------------------------------------------------------------------------
/home/runner/work/xbioclim/xbioclim/tests/test_gdal_io.cpp:62
...............................................................................

/home/runner/work/xbioclim/xbioclim/tests/test_gdal_io.cpp:64: SKIPPED:
explicitly with message:
  Test data not found; run tools/generate_test_data.py first

================================================================================
test cases: 1 | 1 skipped
assertions: - none -

<end of output>
Test time =   0.02 sec
----------------------------------------------------------
Test Passed.
"GdalReader reports correct raster dimensions" end time: Apr 11 20:41 UTC
"GdalReader reports correct raster dimensions" time elapsed: 00:00:00
----------------------------------------------------------

50/52 Testing: GdalReader read_block returns correct shape
50/52 Test: GdalReader read_block returns correct shape
Command: "/home/runner/work/xbioclim/xbioclim/build_offload/tests/test_xbioclim" "GdalReader read_block returns correct shape"
Directory: /home/runner/work/xbioclim/xbioclim/build_offload/tests
"GdalReader read_block returns correct shape" start time: Apr 11 20:41 UTC
Output:
----------------------------------------------------------
Filters: "GdalReader read_block returns correct shape"
Randomness seeded to: 2754684144

~~~~~~~~~~~~~~~~~~~~~~~~~~~~~~~~~~~~~~~~~~~~~~~~~~~~~~~~~~~~~~~~~~~~~~~~~~~~~~~
test_xbioclim is a Catch2 v3.5.2 host application.
Run with -? for options

-------------------------------------------------------------------------------
GdalReader read_block returns correct shape
-------------------------------------------------------------------------------
/home/runner/work/xbioclim/xbioclim/tests/test_gdal_io.cpp:78
...............................................................................

/home/runner/work/xbioclim/xbioclim/tests/test_gdal_io.cpp:80: SKIPPED:
explicitly with message:
  Test data not found; run tools/generate_test_data.py first

================================================================================
test cases: 1 | 1 skipped
assertions: - none -

<end of output>
Test time =   0.02 sec
----------------------------------------------------------
Test Passed.
"GdalReader read_block returns correct shape" end time: Apr 11 20:41 UTC
"GdalReader read_block returns correct shape" time elapsed: 00:00:00
----------------------------------------------------------

51/52 Testing: GdalWriter roundtrip writes and reads back correct values
51/52 Test: GdalWriter roundtrip writes and reads back correct values
Command: "/home/runner/work/xbioclim/xbioclim/build_offload/tests/test_xbioclim" "GdalWriter roundtrip writes and reads back correct values"
Directory: /home/runner/work/xbioclim/xbioclim/build_offload/tests
"GdalWriter roundtrip writes and reads back correct values" start time: Apr 11 20:41 UTC
Output:
----------------------------------------------------------
Filters: "GdalWriter roundtrip writes and reads back correct values"
Randomness seeded to: 3851968256
===============================================================================
All tests passed (14 assertions in 1 test case)

<end of output>
Test time =   0.10 sec
----------------------------------------------------------
Test Passed.
"GdalWriter roundtrip writes and reads back correct values" end time: Apr 11 20:41 UTC
"GdalWriter roundtrip writes and reads back correct values" time elapsed: 00:00:00
----------------------------------------------------------

52/52 Testing: GdalReader read_block returns expected pixel values
52/52 Test: GdalReader read_block returns expected pixel values
Command: "/home/runner/work/xbioclim/xbioclim/build_offload/tests/test_xbioclim" "GdalReader read_block returns expected pixel values"
Directory: /home/runner/work/xbioclim/xbioclim/build_offload/tests
"GdalReader read_block returns expected pixel values" start time: Apr 11 20:41 UTC
Output:
----------------------------------------------------------
Filters: "GdalReader read_block returns expected pixel values"
Randomness seeded to: 564625980

~~~~~~~~~~~~~~~~~~~~~~~~~~~~~~~~~~~~~~~~~~~~~~~~~~~~~~~~~~~~~~~~~~~~~~~~~~~~~~~
test_xbioclim is a Catch2 v3.5.2 host application.
Run with -? for options

-------------------------------------------------------------------------------
GdalReader read_block returns expected pixel values
-------------------------------------------------------------------------------
/home/runner/work/xbioclim/xbioclim/tests/test_gdal_io.cpp:174
...............................................................................

/home/runner/work/xbioclim/xbioclim/tests/test_gdal_io.cpp:176: SKIPPED:
explicitly with message:
  Test data not found; run tools/generate_test_data.py first

================================================================================
test cases: 1 | 1 skipped
assertions: - none -

<end of output>
Test time =   0.02 sec
----------------------------------------------------------
Test Passed.
"GdalReader read_block returns expected pixel values" end time: Apr 11 20:41 UTC
"GdalReader read_block returns expected pixel values" time elapsed: 00:00:00
----------------------------------------------------------

End testing: Apr 11 20:41 UTC
